<?xml version="1.0" encoding="UTF-8"?>
<testsuite name="Creacion de cliente exitoso" tests="1" skipped="0" failures="0" errors="0" timestamp="2024-04-17T15:58:35" hostname="SQABOG-PCC84630" time="28.488">
  <properties/>
  <testcase name="Crear Cliente" classname="Creacion de cliente exitoso" time="28.488"/>
  <system-out><![CDATA[]]></system-out>
  <system-err><![CDATA[Starting ChromeDriver 123.0.6312.122 (31f8248cdd90acbac59f700b603fed0b5967ca50-refs/branch-heads/6312@{#824}) on port 50999
Only local connections are allowed.
Please see https://chromedriver.chromium.org/security-considerations for suggestions on keeping ChromeDriver safe.
ChromeDriver was started successfully.
abr. 17, 2024 10:58:57 A. M. org.openqa.selenium.remote.ProtocolHandshake createSession
INFORMACIÓN: Detected dialect: W3C
abr. 17, 2024 10:58:58 A. M. org.openqa.selenium.devtools.CdpVersionFinder findNearestMatch
ADVERTENCIA: Unable to find an exact match for CDP version 123, so returning the closest version found: a no-op implementation
abr. 17, 2024 10:58:58 A. M. org.openqa.selenium.devtools.CdpVersionFinder findNearestMatch
INFORMACIÓN: Unable to find CDP implementation matching 123.
abr. 17, 2024 10:58:58 A. M. org.openqa.selenium.chromium.ChromiumDriver lambda$new$3
ADVERTENCIA: Unable to find version of CDP to use for . You may need to include a dependency on a specific version of the CDP using something similar to `org.seleniumhq.selenium:selenium-devtools-v86:4.1.2` where the version ("v86") matches the version of the chromium-based browser you're using and the version number of the artifact is the same as Selenium's.
]]></system-err>
</testsuite>
